                                 Started job on |	Nov 11 11:12:56
                             Started mapping on |	Nov 11 11:13:00
                                    Finished on |	Nov 11 11:19:06
       Mapping speed, Million of reads per hour |	0.46

                          Number of input reads |	46560
                      Average input read length |	123
                                    UNIQUE READS:
                   Uniquely mapped reads number |	2413
                        Uniquely mapped reads % |	5.18%
                          Average mapped length |	119.04
                       Number of splices: Total |	317
            Number of splices: Annotated (sjdb) |	0
                       Number of splices: GT/AG |	285
                       Number of splices: GC/AG |	6
                       Number of splices: AT/AC |	0
               Number of splices: Non-canonical |	26
                      Mismatch rate per base, % |	4.75%
                         Deletion rate per base |	0.02%
                        Deletion average length |	1.49
                        Insertion rate per base |	0.03%
                       Insertion average length |	1.21
                             MULTI-MAPPING READS:
        Number of reads mapped to multiple loci |	1576
             % of reads mapped to multiple loci |	3.38%
        Number of reads mapped to too many loci |	114
             % of reads mapped to too many loci |	0.24%
                                  UNMAPPED READS:
  Number of reads unmapped: too many mismatches |	0
       % of reads unmapped: too many mismatches |	0.00%
            Number of reads unmapped: too short |	42457
                 % of reads unmapped: too short |	91.19%
                Number of reads unmapped: other |	0
                     % of reads unmapped: other |	0.00%
                                  CHIMERIC READS:
                       Number of chimeric reads |	0
                            % of chimeric reads |	0.00%
