                                 Started job on |	Nov 11 10:53:02
                             Started mapping on |	Nov 11 10:53:04
                                    Finished on |	Nov 11 10:59:37
       Mapping speed, Million of reads per hour |	0.45

                          Number of input reads |	49413
                      Average input read length |	124
                                    UNIQUE READS:
                   Uniquely mapped reads number |	454
                        Uniquely mapped reads % |	0.92%
                          Average mapped length |	120.92
                       Number of splices: Total |	28
            Number of splices: Annotated (sjdb) |	2
                       Number of splices: GT/AG |	26
                       Number of splices: GC/AG |	1
                       Number of splices: AT/AC |	0
               Number of splices: Non-canonical |	1
                      Mismatch rate per base, % |	4.42%
                         Deletion rate per base |	0.13%
                        Deletion average length |	2.09
                        Insertion rate per base |	0.01%
                       Insertion average length |	1.33
                             MULTI-MAPPING READS:
        Number of reads mapped to multiple loci |	247
             % of reads mapped to multiple loci |	0.50%
        Number of reads mapped to too many loci |	21
             % of reads mapped to too many loci |	0.04%
                                  UNMAPPED READS:
  Number of reads unmapped: too many mismatches |	0
       % of reads unmapped: too many mismatches |	0.00%
            Number of reads unmapped: too short |	48691
                 % of reads unmapped: too short |	98.54%
                Number of reads unmapped: other |	0
                     % of reads unmapped: other |	0.00%
                                  CHIMERIC READS:
                       Number of chimeric reads |	0
                            % of chimeric reads |	0.00%
