                                 Started job on |	Nov 11 10:59:42
                             Started mapping on |	Nov 11 10:59:46
                                    Finished on |	Nov 11 11:06:07
       Mapping speed, Million of reads per hour |	0.45

                          Number of input reads |	48077
                      Average input read length |	124
                                    UNIQUE READS:
                   Uniquely mapped reads number |	1292
                        Uniquely mapped reads % |	2.69%
                          Average mapped length |	118.86
                       Number of splices: Total |	230
            Number of splices: Annotated (sjdb) |	3
                       Number of splices: GT/AG |	199
                       Number of splices: GC/AG |	10
                       Number of splices: AT/AC |	0
               Number of splices: Non-canonical |	21
                      Mismatch rate per base, % |	5.04%
                         Deletion rate per base |	0.06%
                        Deletion average length |	1.72
                        Insertion rate per base |	0.02%
                       Insertion average length |	1.25
                             MULTI-MAPPING READS:
        Number of reads mapped to multiple loci |	1072
             % of reads mapped to multiple loci |	2.23%
        Number of reads mapped to too many loci |	103
             % of reads mapped to too many loci |	0.21%
                                  UNMAPPED READS:
  Number of reads unmapped: too many mismatches |	0
       % of reads unmapped: too many mismatches |	0.00%
            Number of reads unmapped: too short |	45610
                 % of reads unmapped: too short |	94.87%
                Number of reads unmapped: other |	0
                     % of reads unmapped: other |	0.00%
                                  CHIMERIC READS:
                       Number of chimeric reads |	0
                            % of chimeric reads |	0.00%
