STAR version=2.7.3a
STAR compilation time,server,dir=Tue Oct 8 14:26:19 EDT 2019 vega:/home/dobin/data/STAR/STARcode/STAR.master/source
##### Command Line:
STAR --genomeDir example_data/reference/STARIndex/Homo_sapiens.GRCh38.93.STAR.idx --readFilesIn example_data/output/FASTQtrimmed/SRR1039508_R1_val_1.fq.gz example_data/output/FASTQtrimmed/SRR1039508_R2_val_2.fq.gz --runThreadN 1 --outFileNamePrefix example_data/output/STAR/SRR1039508/SRR1039508_ --outSAMtype BAM SortedByCoordinate --readFilesCommand gunzip -c
##### Initial USER parameters from Command Line:
outFileNamePrefix                 example_data/output/STAR/SRR1039508/SRR1039508_
###### All USER parameters from Command Line:
genomeDir                     example_data/reference/STARIndex/Homo_sapiens.GRCh38.93.STAR.idx     ~RE-DEFINED
readFilesIn                   example_data/output/FASTQtrimmed/SRR1039508_R1_val_1.fq.gz   example_data/output/FASTQtrimmed/SRR1039508_R2_val_2.fq.gz        ~RE-DEFINED
runThreadN                    1     ~RE-DEFINED
outFileNamePrefix             example_data/output/STAR/SRR1039508/SRR1039508_     ~RE-DEFINED
outSAMtype                    BAM   SortedByCoordinate        ~RE-DEFINED
readFilesCommand              gunzip   -c        ~RE-DEFINED
##### Finished reading parameters from all sources

##### Final user re-defined parameters-----------------:
runThreadN                        1
genomeDir                         example_data/reference/STARIndex/Homo_sapiens.GRCh38.93.STAR.idx
readFilesIn                       example_data/output/FASTQtrimmed/SRR1039508_R1_val_1.fq.gz   example_data/output/FASTQtrimmed/SRR1039508_R2_val_2.fq.gz   
readFilesCommand                  gunzip   -c   
outFileNamePrefix                 example_data/output/STAR/SRR1039508/SRR1039508_
outSAMtype                        BAM   SortedByCoordinate   

-------------------------------
##### Final effective command line:
STAR   --runThreadN 1   --genomeDir example_data/reference/STARIndex/Homo_sapiens.GRCh38.93.STAR.idx   --readFilesIn example_data/output/FASTQtrimmed/SRR1039508_R1_val_1.fq.gz   example_data/output/FASTQtrimmed/SRR1039508_R2_val_2.fq.gz      --readFilesCommand gunzip   -c      --outFileNamePrefix example_data/output/STAR/SRR1039508/SRR1039508_   --outSAMtype BAM   SortedByCoordinate   
----------------------------------------


   Input read files for mate 1, from input string example_data/output/FASTQtrimmed/SRR1039508_R1_val_1.fq.gz
-rw-r--r-- 1 rstudio rstudio 2434344 Nov 11 11:06 example_data/output/FASTQtrimmed/SRR1039508_R1_val_1.fq.gz

   readsCommandsFile:
exec > "example_data/output/STAR/SRR1039508/SRR1039508__STARtmp/tmp.fifo.read1"
echo FILE 0
gunzip   -c      "example_data/output/FASTQtrimmed/SRR1039508_R1_val_1.fq.gz"


   Input read files for mate 2, from input string example_data/output/FASTQtrimmed/SRR1039508_R2_val_2.fq.gz
-rw-r--r-- 1 rstudio rstudio 2419263 Nov 11 11:06 example_data/output/FASTQtrimmed/SRR1039508_R2_val_2.fq.gz

   readsCommandsFile:
exec > "example_data/output/STAR/SRR1039508/SRR1039508__STARtmp/tmp.fifo.read2"
echo FILE 0
gunzip   -c      "example_data/output/FASTQtrimmed/SRR1039508_R2_val_2.fq.gz"

WARNING: --limitBAMsortRAM=0, will use genome size as RAM limit for BAM sorting
Finished loading and checking parameters
Reading genome generation parameters:
### STAR   --runMode genomeGenerate   --runThreadN 1   --genomeDir example_data/reference/STARIndex/Homo_sapiens.GRCh38.93.STAR.idx   --genomeFastaFiles example_dataset/reference/Homo_sapiens.GRCh38.dna.chromosome.22.fa      --sjdbGTFfile example_dataset/reference/Homo_sapiens.GRCh38.98.chr22.gtf   --sjdbOverhang 63
### GstrandBit=32
versionGenome                 2.7.1a     ~RE-DEFINED
genomeFastaFiles              example_dataset/reference/Homo_sapiens.GRCh38.dna.chromosome.22.fa        ~RE-DEFINED
genomeSAindexNbases           14     ~RE-DEFINED
genomeChrBinNbits             18     ~RE-DEFINED
genomeSAsparseD               1     ~RE-DEFINED
sjdbOverhang                  63     ~RE-DEFINED
sjdbFileChrStartEnd           -        ~RE-DEFINED
sjdbGTFfile                   example_dataset/reference/Homo_sapiens.GRCh38.98.chr22.gtf     ~RE-DEFINED
sjdbGTFchrPrefix              -     ~RE-DEFINED
sjdbGTFfeatureExon            exon     ~RE-DEFINED
sjdbGTFtagExonParentTranscripttranscript_id     ~RE-DEFINED
sjdbGTFtagExonParentGene      gene_id     ~RE-DEFINED
sjdbInsertSave                Basic     ~RE-DEFINED
genomeFileSizes               51885779   331497469        ~RE-DEFINED
Genome version is compatible with current STAR
Number of real (reference) chromosomes= 1
1	22	50818468	0
--sjdbOverhang = 63 taken from the generated genome
Started loading the genome: Mon Nov 11 11:06:11 2019

Genome: size given as a parameter = 51885779
SA: size given as a parameter = 331497469
SAindex: size given as a parameter = 1
Read from SAindex: pGe.gSAindexNbases=14  nSAi=357913940
nGenome=51885779;  nSAbyte=331497469
GstrandBit=32   SA number of indices=80363022
Shared memory is not used for genomes. Allocated a private copy of the genome.
Genome file size: 51885779 bytes; state: good=1 eof=0 fail=0 bad=0
Loading Genome ... done! state: good=1 eof=0 fail=0 bad=0; loaded 51885779 bytes
SA file size: 331497469 bytes; state: good=1 eof=0 fail=0 bad=0
Loading SA ... done! state: good=1 eof=0 fail=0 bad=0; loaded 331497469 bytes
Loading SAindex ... done: 1565873619 bytes
Finished loading the genome: Mon Nov 11 11:06:14 2019

Processing splice junctions database sjdbN=8109,   pGe.sjdbOverhang=63 
alignIntronMax=alignMatesGapMax=0, the max intron size will be approximately determined by (2^winBinNbits)*winAnchorDistNbins=589824
Starting to map file # 0
mate 1:   example_data/output/FASTQtrimmed/SRR1039508_R1_val_1.fq.gz
mate 2:   example_data/output/FASTQtrimmed/SRR1039508_R2_val_2.fq.gz
Thread #0 end of input stream, nextChar=-1
BAM sorting: 11715 mapped reads
BAM sorting bins genomic start loci:
1	0	11550229
2	0	12634350
3	0	15225792
4	0	16093017
5	0	16634416
6	0	17059668
7	0	17607290
8	0	18643427
9	0	19446788
10	0	20929375
11	0	21795522
12	0	22501358
13	0	23925668
14	0	24724540
15	0	25755213
16	0	28037619
17	0	28389961
18	0	28668460
19	0	29228032
20	0	30382299
21	0	31047829
22	0	31566935
23	0	32296070
24	0	33004060
25	0	34331342
26	0	34678433
27	0	35223280
28	0	36210211
29	0	37175726
30	0	37215836
31	0	37717036
32	0	38255407
33	0	38617429
34	0	39357478
35	0	40176360
36	0	40897938
37	0	41317715
38	0	41815302
39	0	42657225
40	0	43650607
41	0	44847723
42	0	45574812
43	0	47430996
44	0	48988086
45	0	50376892
46	0	50798686
47	0	50798871
48	0	50798982
Completed: thread #0
Nov 11 11:12:51 ..... started sorting BAM
Max memory needed for sorting = 51321
ALL DONE!
